✓ [en] The Beatles — Come Together 159w cliché0.01
✓ [en] The Beatles — Here Comes the Sun 166w cliché0.01
✓ [en] The Beatles — A Day in the Life 212w cliché0.01
✓ [en] The Beatles — Blackbird 124w cliché0.21
✓ [en] The Rolling Stones — Gimme Shelter 203w cliché0.04
✓ [en] The Rolling Stones — Sympathy for the Devil 422w cliché0.02
✓ [en] The Rolling Stones — Angie 185w cliché0.09
✓ [en] The Rolling Stones — Start Me Up 271w cliché0.00
✓ [en] Led Zeppelin — Whole Lotta Love 132w cliché0.00
✓ [en] Led Zeppelin — Immigrant Song 139w cliché0.10
✓ [en] Led Zeppelin — Black Dog 192w cliché0.07
✓ [en] Pink Floyd — Comfortably Numb 248w cliché0.07
✓ [en] Pink Floyd — Money 226w cliché0.00
✓ [en] Pink Floyd — Time 233w cliché0.04
✓ [en] Pink Floyd — Another Brick in the Wall 106w cliché0.12
✓ [en] Queen — We Will Rock You 158w cliché0.00
✓ [en] Queen — We Are the Champions 208w cliché0.00
✓ [en] Queen — Somebody to Love 374w cliché0.02
✓ [en] Queen — Don't Stop Me Now 407w cliché0.04
✓ [en] Queen — Under Pressure 318w cliché0.00
✓ [en] Queen — Killer Queen 208w cliché0.00
✓ [en] The Who — My Generation 234w cliché0.01
✓ [en] The Who — Pinball Wizard 220w cliché0.00
✓ [en] The Who — Won't Get Fooled Again 312w cliché0.01
✓ [en] The Who — Behind Blue Eyes 197w cliché0.05
✓ [en] David Bowie — Heroes 272w cliché0.00
✓ [en] David Bowie — Life on Mars? 263w cliché0.01
✓ [en] David Bowie — Let's Dance 269w cliché0.04
✓ [en] David Bowie — Rebel Rebel 250w cliché0.00
✓ [en] The Doors — Riders on the Storm 157w cliché0.25
✓ [en] The Doors — Break On Through 179w cliché0.02
✓ [en] The Doors — People Are Strange 102w cliché0.06
✓ [en] Jimi Hendrix — All Along the Watchtower 164w cliché0.01
✓ [en] Jimi Hendrix — Hey Joe 247w cliché0.01
✓ [en] Jimi Hendrix — Voodoo Child 178w cliché0.01
✓ [en] Eagles — Take It Easy 230w cliché0.00
✓ [en] Eagles — Desperado 207w cliché0.04
✓ [en] Eagles — Lyin' Eyes 385w cliché0.06
✓ [en] Fleetwood Mac — Dreams 231w cliché0.14
✓ [en] Fleetwood Mac — Landslide 184w cliché0.03
✓ [en] Fleetwood Mac — The Chain 232w cliché0.23
✓ [en] Fleetwood Mac — Rhiannon 205w cliché0.10
✓ [en] Bruce Springsteen — Dancing in the Dark 311w cliché0.09
✓ [en] Bruce Springsteen — The River 298w cliché0.10
✓ [en] Bruce Springsteen — I'm on Fire 128w cliché0.12
✓ [en] Bob Dylan — Blowin' in the Wind 171w cliché0.03
✓ [en] Bob Dylan — Knockin' on Heaven's Door 100w cliché0.03
✓ [en] Bob Dylan — The Times They Are a-Changin' 251w cliché0.00
✓ [en] Bob Dylan — Mr. Tambourine Man 446w cliché0.04
✓ [en] Neil Young — Old Man 210w cliché0.06
✓ [en] Neil Young — Rockin' in the Free World 258w cliché0.10
✓ [en] Creedence Clearwater Revival — Have You Ever Seen the Rain 153w cliché0.14
✓ [en] Creedence Clearwater Revival — Fortunate Son 196w cliché0.00
✓ [en] Creedence Clearwater Revival — Proud Mary 166w cliché0.17
✓ [en] Lynyrd Skynyrd — Free Bird 172w cliché0.04
✓ [en] Lynyrd Skynyrd — Simple Man 219w cliché0.03
✓ [en] AC/DC — Highway to Hell 180w cliché0.01
✓ [en] AC/DC — Thunderstruck 209w cliché0.25
✓ [en] AC/DC — You Shook Me All Night Long 251w cliché0.09
✓ [en] Aerosmith — Dream On 260w cliché0.15
✓ [en] Aerosmith — Walk This Way 365w cliché0.00
✓ [en] Aerosmith — I Don't Want to Miss a Thing 384w cliché0.09
✓ [en] Guns N' Roses — Welcome to the Jungle 258w cliché0.01
✓ [en] Guns N' Roses — November Rain 292w cliché0.12
✓ [en] Guns N' Roses — Paradise City 542w cliché0.16
✓ [en] Bon Jovi — Wanted Dead or Alive 226w cliché0.14
✓ [en] Journey — Faithfully 160w cliché0.08
✓ [en] Dire Straits — Money for Nothing 261w cliché0.03
✓ [en] Dire Straits — Brothers in Arms 143w cliché0.04
✓ [en] The Police — Every Breath You Take 175w cliché0.07
✓ [en] The Police — Roxanne 119w cliché0.09
✓ [en] The Police — Message in a Bottle 268w cliché0.04
✓ [en] U2 — One 252w cliché0.01
✓ [en] U2 — Sunday Bloody Sunday 231w cliché0.04
✓ [en] U2 — Beautiful Day 275w cliché0.04
✓ [en] Tom Petty — American Girl 150w cliché0.06
✓ [en] Tom Petty — I Won't Back Down 200w cliché0.00
✓ [en] Simon & Garfunkel — Bridge Over Troubled Water 162w cliché0.04
✓ [en] Simon & Garfunkel — Mrs. Robinson 291w cliché0.00
✓ [en] Simon & Garfunkel — The Boxer 445w cliché0.00
✓ [en] Joni Mitchell — Big Yellow Taxi 269w cliché0.15
✓ [en] Joni Mitchell — River 228w cliché0.08
✓ [en] Leonard Cohen — Suzanne 326w cliché0.07
✓ [en] Leonard Cohen — Bird on the Wire 180w cliché0.08
✓ [en] Cat Stevens — Wild World 242w cliché0.02
✓ [en] Cat Stevens — Peace Train 210w cliché0.01
✓ [en] Paul Simon — You Can Call Me Al 322w cliché0.06
✓ [en] John Denver — Take Me Home, Country Roads 175w cliché0.03
✓ [en] John Denver — Annie's Song 145w cliché0.15
✓ [en] Stevie Wonder — Sir Duke 270w cliché0.00
✓ [en] Stevie Wonder — Higher Ground 211w cliché0.00
✓ [en] Stevie Wonder — I Just Called to Say I Love You 243w cliché0.07
✓ [en] Marvin Gaye — Sexual Healing 305w cliché0.04
✓ [en] Marvin Gaye — Let's Get It On 252w cliché0.00
✓ [en] Marvin Gaye — I Heard It Through the Grapevine 171w cliché0.01
✓ [en] Aretha Franklin — Chain of Fools 238w cliché0.01
✓ [en] Aretha Franklin — Think 360w cliché0.02
✓ [en] The Temptations — Papa Was a Rollin' Stone 399w cliché0.04
✓ [en] The Temptations — Ain't Too Proud to Beg 279w cliché0.01
✓ [en] James Brown — I Got You (I Feel Good) 197w cliché0.00
✓ [en] James Brown — Get Up (I Feel Like Being a) Sex Machine 646w cliché0.00
✓ [en] Sam Cooke — Wonderful World 201w cliché0.00
✓ [en] Sam Cooke — Cupid 194w cliché0.10
✓ [en] Otis Redding — Try a Little Tenderness 265w cliché0.00
✓ [en] Earth, Wind & Fire — September 347w cliché0.06
✓ [en] Earth, Wind & Fire — Boogie Wonderland 272w cliché0.03
✓ [en] Bill Withers — Lean on Me 213w cliché0.01
✓ [en] Bill Withers — Lovely Day 153w cliché0.00
✓ [en] Chaka Khan — Ain't Nobody 418w cliché0.05
✓ [en] Michael Jackson — Beat It 407w cliché0.04
✓ [en] Michael Jackson — Man in the Mirror 587w cliché0.03
✓ [en] Michael Jackson — Smooth Criminal 513w cliché0.00
✓ [en] Madonna — Like a Virgin 219w cliché0.07
✓ [en] Madonna — Material Girl 341w cliché0.01
✓ [en] Madonna — Vogue 394w cliché0.02
✓ [en] Whitney Houston — I Will Always Love You 155w cliché0.00
✓ [en] Whitney Houston — Greatest Love of All 298w cliché0.04
✓ [en] Prince — When Doves Cry 320w cliché0.05
✓ [en] Prince — Kiss 271w cliché0.00
✓ [en] Prince — 1999 413w cliché0.03
✓ [en] George Michael — Careless Whisper 300w cliché0.04
✓ [en] Elton John — Rocket Man 334w cliché0.08
✓ [en] Elton John — Your Song 269w cliché0.00
✓ [en] Elton John — Bennie and the Jets 252w cliché0.06
✓ [en] Elton John — Goodbye Yellow Brick Road 214w cliché0.01
✓ [en] Billy Joel — Piano Man 338w cliché0.02
✓ [en] Billy Joel — Uptown Girl 245w cliché0.00
✓ [en] Billy Joel — Vienna 281w cliché0.01
✓ [en] Billy Joel — We Didn't Start the Fire 515w cliché0.14
✓ [en] Tina Turner — What's Love Got to Do with It 329w cliché0.08
✓ [en] Tina Turner — The Best 324w cliché0.08
✓ [en] Cyndi Lauper — Girls Just Want to Have Fun 199w cliché0.02
✓ [en] Cyndi Lauper — True Colors 250w cliché0.01
✓ [en] ABBA — Mamma Mia 326w cliché0.02
✓ [en] ABBA — Waterloo 193w cliché0.04
✓ [en] ABBA — The Winner Takes It All 251w cliché0.01
✓ [en] ABBA — Take a Chance on Me 497w cliché0.05
✓ [en] Lionel Richie — Hello 214w cliché0.05
✓ [en] Lionel Richie — All Night Long 279w cliché0.18
✓ [en] Phil Collins — In the Air Tonight 329w cliché0.02
✓ [en] Phil Collins — Another Day in Paradise 261w cliché0.23
✓ [en] Adele — Rolling in the Deep 361w cliché0.12
✓ [en] Adele — Hello 333w cliché0.02
✓ [en] Adele — Set Fire to the Rain 338w cliché0.10
✓ [en] Adele — Skyfall 229w cliché0.07
✓ [en] Ed Sheeran — Perfect 285w cliché0.03
✓ [en] Ed Sheeran — Thinking Out Loud 315w cliché0.07
✓ [en] Ed Sheeran — Photograph 317w cliché0.11
✓ [en] Taylor Swift — Blank Space 501w cliché0.06
✓ [en] Taylor Swift — Shake It Off 522w cliché0.01
✓ [en] Taylor Swift — Style 363w cliché0.06
✓ [en] Taylor Swift — Cardigan 339w cliché0.05
✓ [en] Beyoncé — Halo 458w cliché0.02
✓ [en] Beyoncé — Single Ladies (Put a Ring on It) 528w cliché0.03
✓ [en] Beyoncé — Crazy in Love 806w cliché0.00
✓ [en] Beyoncé — If I Were a Boy 357w cliché0.01
✓ [en] Bruno Mars — Grenade 410w cliché0.03
✓ [en] Bruno Mars — When I Was Your Man 313w cliché0.01
✓ [en] Bruno Mars — Locked Out of Heaven 303w cliché0.12
✓ [en] Lady Gaga — Poker Face 474w cliché0.00
✓ [en] Lady Gaga — Shallow 221w cliché0.01
✓ [en] Rihanna — Diamonds 363w cliché0.35
✓ [en] Rihanna — Stay 248w cliché0.01
✓ [en] Katy Perry — Roar 377w cliché0.05
✓ [en] Katy Perry — Teenage Dream 387w cliché0.06
✓ [en] Coldplay — Viva la Vida 292w cliché0.02
✓ [en] Coldplay — The Scientist 191w cliché0.01
✓ [en] Coldplay — Clocks 172w cliché0.00
✓ [en] Maroon 5 — She Will Be Loved 306w cliché0.06
✓ [en] Maroon 5 — Sugar 425w cliché0.03
✓ [en] Sam Smith — Stay with Me 165w cliché0.01
✓ [en] John Legend — All of Me 338w cliché0.00
✓ [en] Amy Winehouse — Back to Black 220w cliché0.01
✓ [en] Amy Winehouse — Valerie 283w cliché0.00
✓ [en] Lana Del Rey — Video Games 353w cliché0.02
✓ [en] Lana Del Rey — Summertime Sadness 304w cliché0.06
✓ [en] Billie Eilish — Ocean Eyes 163w cliché0.19
✓ [en] Billie Eilish — Happier Than Ever 351w cliché0.01
✓ [en] The Weeknd — Can't Feel My Face 335w cliché0.01
✓ [en] The Weeknd — Save Your Tears 269w cliché0.08
✓ [en] Dua Lipa — Don't Start Now 303w cliché0.00
✓ [en] Dua Lipa — Levitating 498w cliché0.20
✓ [en] Jay-Z — Empire State of Mind 671w cliché0.04
✓ [en] Nas — The World Is Yours 625w cliché0.04
✓ [en] Snoop Dogg — Drop It Like It's Hot 785w cliché0.01
✓ [en] 2Pac — California Love 582w cliché0.01
✓ [en] 2Pac — Dear Mama 672w cliché0.02
✓ [en] The Notorious B.I.G. — Big Poppa 744w cliché0.00
✓ [en] The Notorious B.I.G. — Hypnotize 741w cliché0.00
✓ [en] Kanye West — Gold Digger 731w cliché0.00
✓ [en] Kanye West — Jesus Walks 541w cliché0.01
✓ [en] Drake — Hotline Bling 439w cliché0.03
✓ [en] Drake — God's Plan 351w cliché0.00
✓ [en] Kendrick Lamar — HUMBLE. 604w cliché0.01
✓ [en] Kendrick Lamar — Money Trees 965w cliché0.02
✓ [en] Eminem — The Real Slim Shady 945w cliché0.00
✓ [en] Eminem — Without Me 763w cliché0.01
✓ [en] Eminem — Stan 1338w cliché0.03
✓ [en] Eminem — Mockingbird 902w cliché0.02
✓ [en] 50 Cent — In Da Club 668w cliché0.00
✓ [en] Lauryn Hill — Doo Wop (That Thing) 970w cliché0.01
✓ [en] OutKast — Hey Ya! 474w cliché0.02
✓ [en] Nirvana — Come as You Are 141w cliché0.00
✓ [en] Nirvana — Heart-Shaped Box 251w cliché0.08
✓ [en] Nirvana — Lithium 295w cliché0.02
✓ [en] Nirvana — In Bloom 265w cliché0.00
✓ [en] Pearl Jam — Alive 202w cliché0.15
✓ [en] Pearl Jam — Jeremy 234w cliché0.00
✓ [en] Pearl Jam — Even Flow 231w cliché0.06
✓ [en] Alice in Chains — Man in the Box 118w cliché0.00
✓ [en] Stone Temple Pilots — Plush 261w cliché0.02
✓ [en] Radiohead — Karma Police 141w cliché0.10
✓ [en] Radiohead — No Surprises 126w cliché0.02
✓ [en] Radiohead — Paranoid Android 213w cliché0.09
✓ [en] Radiohead — Fake Plastic Trees 167w cliché0.01
✓ [en] R.E.M. — Everybody Hurts 168w cliché0.07
✓ [en] R.E.M. — Man on the Moon 414w cliché0.01
✓ [en] Oasis — Don't Look Back in Anger 282w cliché0.07
✓ [en] Oasis — Champagne Supernova 321w cliché0.03
✓ [en] Oasis — Live Forever 247w cliché0.10
✓ [en] The Verve — Bitter Sweet Symphony 363w cliché0.05
✓ [en] Blur — Song 2 107w cliché0.00
✓ [en] Red Hot Chili Peppers — Californication 273w cliché0.06
✓ [en] Red Hot Chili Peppers — Otherside 296w cliché0.02
✓ [en] Red Hot Chili Peppers — Scar Tissue 236w cliché0.05
✓ [en] Foo Fighters — The Pretender 440w cliché0.16
✓ [en] Foo Fighters — Learn to Fly 334w cliché0.06
✓ [en] Foo Fighters — Best of You 327w cliché0.04
✓ [en] The Killers — Somebody Told Me 292w cliché0.02
✓ [en] The Killers — When You Were Young 234w cliché0.02
✓ [en] Arctic Monkeys — Do I Wanna Know? 386w cliché0.00
✓ [en] Arctic Monkeys — 505 201w cliché0.00
✓ [en] Arctic Monkeys — Fluorescent Adolescent 313w cliché0.05
✓ [en] Kings of Leon — Sex on Fire 137w cliché0.16
✓ [en] Kings of Leon — Use Somebody 265w cliché0.01
✓ [en] The Strokes — Last Nite 201w cliché0.01
✓ [en] The Strokes — Reptilia 195w cliché0.01
✓ [en] The Cure — Friday I'm in Love 217w cliché0.03
✓ [en] The Cure — Just Like Heaven 190w cliché0.11
✓ [en] The Cure — Lovesong 146w cliché0.08
✓ [en] Depeche Mode — Enjoy the Silence 138w cliché0.02
✓ [en] Depeche Mode — Personal Jesus 151w cliché0.02
✓ [en] Joy Division — Love Will Tear Us Apart 147w cliché0.01
✓ [en] The Smiths — There Is a Light That Never Goes Out 313w cliché0.06
✓ [en] The Smiths — This Charming Man 169w cliché0.00
✓ [en] The Smiths — How Soon Is Now? 204w cliché0.00
✓ [en] Linkin Park — Crawling 219w cliché0.00
✓ [en] Linkin Park — Faint 351w cliché0.01
✓ [en] Linkin Park — Somewhere I Belong 388w cliché0.06
✓ [en] Linkin Park — New Divide 249w cliché0.04
✓ [en] Imagine Dragons — Whatever It Takes 454w cliché0.09
✓ [en] Imagine Dragons — Bad Liar 290w cliché0.10
✓ [en] OneRepublic — Apologize 197w cliché0.02
✓ [en] Thirty Seconds to Mars — The Kill 246w cliché0.01
✓ [en] Johnny Cash — Hurt 161w cliché0.03
✓ [en] Johnny Cash — I Walk the Line 179w cliché0.08
✓ [en] Johnny Cash — Folsom Prison Blues 175w cliché0.02
✓ [en] Dolly Parton — 9 to 5 333w cliché0.02
✓ [en] Dolly Parton — Coat of Many Colors 325w cliché0.00
✓ [en] Hank Williams — I'm So Lonesome I Could Cry 97w cliché0.09
✓ [en] Willie Nelson — Always on My Mind 153w cliché0.00
✓ [en] Shania Twain — You're Still the One 282w cliché0.02
✓ [en] Carrie Underwood — Before He Cheats 278w cliché0.00
✓ [en] Tim McGraw — Live Like You Were Dying 307w cliché0.04
✓ [en] Garth Brooks — The Dance 168w cliché0.05
✓ [en] Bob Marley — One Love 263w cliché0.06
✓ [en] Bob Marley — Could You Be Loved 337w cliché0.02
✓ [en] Bob Marley — Buffalo Soldier 317w cliché0.02
✓ [en] Bob Marley — Is This Love 309w cliché0.02
✓ [en] Jimmy Cliff — Many Rivers to Cross 176w cliché0.05
✓ [en] Eric Clapton — Tears in Heaven 163w cliché0.04
✓ [en] Eric Clapton — Wonderful Tonight 157w cliché0.03
✓ [en] Eric Clapton — Layla 105w cliché0.00
✓ [en] Muddy Waters — Mannish Boy 168w cliché0.01
✓ [en] Howlin' Wolf — Smokestack Lightning 132w cliché0.03
✓ [en] Donna Summer — I Feel Love 161w cliché0.06
✓ [en] Donna Summer — Hot Stuff 190w cliché0.01
✓ [en] Gloria Gaynor — I Will Survive 597w cliché0.04
✓ [en] Chic — Le Freak 302w cliché0.01
✓ [en] Village People — Y.M.C.A. 523w cliché0.01
(reused 269; by language: {
  en: 457,
  es: 8,
  fr: 8,
  de: 8,
  it: 7,
  pt: 7,
  ru: 2,
  ja: 6,
  ko: 6,
  zh: 1,
  hi: 5,
  ar: 4,
  tr: 5,
  nl: 5,
  pl: 4,
  sv: 4,
  el: 2,
  id: 5,
  vi: 3,
  th: 2
} )

wrote 549 total (280 new, 269 reused, 18 failed) -> corpus/human_profiles.json
